TN:
SF:db/index.js
FN:12,(anonymous_0)
FN:13,(anonymous_1)
FN:14,(anonymous_2)
FN:24,(anonymous_3)
FN:25,(anonymous_4)
FN:26,(anonymous_5)
FN:36,(anonymous_6)
FN:37,(anonymous_7)
FN:38,(anonymous_8)
FN:58,(anonymous_9)
FN:65,QuestionObj
FN:81,(anonymous_11)
FN:84,(anonymous_12)
FN:87,(anonymous_13)
FN:91,(anonymous_14)
FN:100,(anonymous_15)
FN:105,(anonymous_16)
FN:106,(anonymous_17)
FN:109,(anonymous_18)
FN:119,(anonymous_19)
FN:121,AnswerObj
FN:133,(anonymous_21)
FN:142,(anonymous_22)
FN:145,(anonymous_23)
FN:148,(anonymous_24)
FN:157,(anonymous_25)
FN:164,(anonymous_26)
FN:165,(anonymous_27)
FN:168,(anonymous_28)
FN:172,(anonymous_29)
FN:177,(anonymous_30)
FN:185,(anonymous_31)
FN:187,(anonymous_32)
FN:196,(anonymous_33)
FN:197,(anonymous_34)
FN:199,(anonymous_35)
FN:209,(anonymous_36)
FN:210,(anonymous_37)
FN:213,(anonymous_38)
FN:223,(anonymous_39)
FN:230,(anonymous_40)
FNF:41
FNH:23
FNDA:1,(anonymous_0)
FNDA:1,(anonymous_1)
FNDA:1,(anonymous_2)
FNDA:8,(anonymous_3)
FNDA:8,(anonymous_4)
FNDA:8,(anonymous_5)
FNDA:24,(anonymous_6)
FNDA:24,(anonymous_7)
FNDA:24,(anonymous_8)
FNDA:1,(anonymous_9)
FNDA:7,QuestionObj
FNDA:1,(anonymous_11)
FNDA:1,(anonymous_12)
FNDA:8,(anonymous_13)
FNDA:7,(anonymous_14)
FNDA:1,(anonymous_15)
FNDA:0,(anonymous_16)
FNDA:0,(anonymous_17)
FNDA:0,(anonymous_18)
FNDA:8,(anonymous_19)
FNDA:24,AnswerObj
FNDA:8,(anonymous_21)
FNDA:8,(anonymous_22)
FNDA:32,(anonymous_23)
FNDA:24,(anonymous_24)
FNDA:8,(anonymous_25)
FNDA:0,(anonymous_26)
FNDA:0,(anonymous_27)
FNDA:0,(anonymous_28)
FNDA:0,(anonymous_29)
FNDA:0,(anonymous_30)
FNDA:0,(anonymous_31)
FNDA:0,(anonymous_32)
FNDA:0,(anonymous_33)
FNDA:0,(anonymous_34)
FNDA:0,(anonymous_35)
FNDA:0,(anonymous_36)
FNDA:0,(anonymous_37)
FNDA:0,(anonymous_38)
FNDA:0,(anonymous_39)
FNDA:0,(anonymous_40)
DA:1,1
DA:3,1
DA:10,1
DA:12,1
DA:13,1
DA:14,1
DA:15,1
DA:16,0
DA:18,1
DA:24,1
DA:25,8
DA:26,8
DA:27,8
DA:28,0
DA:30,8
DA:36,1
DA:37,24
DA:38,24
DA:39,24
DA:40,0
DA:42,24
DA:56,1
DA:58,1
DA:60,1
DA:66,7
DA:67,7
DA:68,7
DA:69,7
DA:70,7
DA:71,7
DA:72,7
DA:74,7
DA:75,19
DA:76,19
DA:81,1
DA:83,1
DA:87,1
DA:88,8
DA:90,7
DA:92,7
DA:93,7
DA:96,1
DA:100,1
DA:105,1
DA:106,0
DA:107,0
DA:110,0
DA:111,0
DA:113,0
DA:119,1
DA:122,24
DA:123,24
DA:124,24
DA:125,24
DA:126,24
DA:127,24
DA:128,24
DA:129,10
DA:133,8
DA:135,8
DA:141,8
DA:145,8
DA:146,32
DA:147,24
DA:149,24
DA:150,24
DA:153,8
DA:157,8
DA:164,1
DA:165,0
DA:167,0
DA:169,0
DA:170,0
DA:172,0
DA:173,0
DA:174,0
DA:176,0
DA:178,0
DA:184,0
DA:186,0
DA:187,0
DA:196,1
DA:197,0
DA:198,0
DA:200,0
DA:201,0
DA:203,0
DA:209,1
DA:210,0
DA:211,0
DA:212,0
DA:214,0
DA:215,0
DA:217,0
DA:222,0
DA:224,0
DA:225,0
DA:227,0
DA:229,0
DA:231,0
DA:232,0
DA:234,0
DA:243,1
LF:103
LH:64
BRDA:15,0,0,0
BRDA:15,0,1,1
BRDA:27,1,0,0
BRDA:27,1,1,8
BRDA:39,2,0,0
BRDA:39,2,1,24
BRDA:88,3,0,7
BRDA:88,3,1,1
BRDA:110,4,0,0
BRDA:110,4,1,0
BRDA:146,5,0,24
BRDA:146,5,1,8
BRDA:169,6,0,0
BRDA:169,6,1,0
BRDA:173,7,0,0
BRDA:173,7,1,0
BRDA:200,8,0,0
BRDA:200,8,1,0
BRDA:211,9,0,0
BRDA:211,9,1,0
BRDA:214,10,0,0
BRDA:214,10,1,0
BRDA:224,11,0,0
BRDA:224,11,1,0
BRDA:231,12,0,0
BRDA:231,12,1,0
BRF:26
BRH:7
end_of_record
TN:
SF:server/app.js
FN:10,(anonymous_0)
FN:14,(anonymous_1)
FN:17,(anonymous_2)
FN:24,(anonymous_3)
FN:27,(anonymous_4)
FN:32,(anonymous_5)
FN:34,(anonymous_6)
FN:39,(anonymous_7)
FN:41,(anonymous_8)
FN:46,(anonymous_9)
FN:49,(anonymous_10)
FN:54,(anonymous_11)
FN:57,(anonymous_12)
FN:61,(anonymous_13)
FN:64,(anonymous_14)
FN:68,(anonymous_15)
FN:71,(anonymous_16)
FNF:17
FNH:4
FNDA:0,(anonymous_0)
FNDA:1,(anonymous_1)
FNDA:1,(anonymous_2)
FNDA:1,(anonymous_3)
FNDA:1,(anonymous_4)
FNDA:0,(anonymous_5)
FNDA:0,(anonymous_6)
FNDA:0,(anonymous_7)
FNDA:0,(anonymous_8)
FNDA:0,(anonymous_9)
FNDA:0,(anonymous_10)
FNDA:0,(anonymous_11)
FNDA:0,(anonymous_12)
FNDA:0,(anonymous_13)
FNDA:0,(anonymous_14)
FNDA:0,(anonymous_15)
FNDA:0,(anonymous_16)
DA:1,1
DA:2,1
DA:3,1
DA:5,1
DA:8,1
DA:10,1
DA:11,0
DA:14,1
DA:16,1
DA:18,1
DA:24,1
DA:26,1
DA:28,1
DA:32,1
DA:33,0
DA:35,0
DA:39,1
DA:40,0
DA:42,0
DA:46,1
DA:48,0
DA:50,0
DA:54,1
DA:56,0
DA:58,0
DA:61,1
DA:63,0
DA:65,0
DA:68,1
DA:70,0
DA:72,0
DA:75,1
LF:32
LH:19
BRF:0
BRH:0
end_of_record
